
07:35:06 Сервер запущен
07:35:09 Подключен новый пользователь
07:35:28 Анонимвышел
07:35:46 Подключен новый пользователь
07:35:50 Аноним Eva
07:36:16 Аноним rr
07:36:49 Анонимвышел
07:37:10 Сервер запущен
07:37:15 Подключен новый пользователь
07:37:23 Аноним вышел
07:37:27 Подключен новый пользователь
07:37:48 Eva говорит всем привет!
07:37:56 Eva rrr
07:38:04 Eva вышел
07:38:14 Подключен новый пользователь
07:38:19 Eva Dana
07:38:21 Eva ggg
07:38:22 Eva gg
07:38:25 Eva вышел
07:39:19 Подключен новый пользователь
07:39:22 Eva eva
07:39:30 Eva вышел
07:39:34 Подключен новый пользователь
07:39:40 Eva Dana
07:40:02 Разрыв соединения
07:40:03 Подключен новый пользователь
07:40:07 Eva Dana
07:40:58 Сервер запущен
07:41:02 Подключен новый пользователь
07:41:10 Аноним вышел
07:41:13 Подключен новый пользователь
07:41:16 Eva говорит всем привет!
07:41:21 Eva вышел
07:41:30 Подключен новый пользователь
07:41:34 Dana говорит всем привет!
07:41:41 Dana вышел
07:11:33 Сервер запущен
07:11:39 Подключен новый пользователь
07:11:43 Eva говорит всем привет!
07:11:45 Eva ggg
07:11:47 Eva hhh
07:11:53 Eva вышел
